============================= test session starts ==============================
platform linux -- Python 3.6.6, pytest-3.6.3, py-1.5.4, pluggy-0.6.0 -- /opt/anaconda3/bin/python
cachedir: .pytest_cache
rootdir: /home/andrea/git/Fondamenti18/fondamenti-di-programmazione/students/AngeloMonti/homework01, inifile:
plugins: xdist-1.22.2, timeout-1.3.0, remotedata-0.3.0, pylint-0.11.0, parallel-0.0.2, openfiles-0.3.0, mccabe-0.1, json-0.4.0, forked-0.2, doctestplus-0.1.3, datadir-1.2.1, arraydiff-0.2, hypothesis-3.59.1, pep8-1.0.6
timeout: 10.0s
timeout method: signal
timeout func_only: False
collecting ... collected 14 items

grade02.py::Test::test_program_1 PASSED                                  [  7%]
grade02.py::Test::test_program_10 PASSED                                 [ 14%]
grade02.py::Test::test_program_11 PASSED                                 [ 21%]
grade02.py::Test::test_program_12 PASSED                                 [ 28%]
grade02.py::Test::test_program_13 PASSED                                 [ 35%]
grade02.py::Test::test_program_14 PASSED                                 [ 42%]
grade02.py::Test::test_program_2 PASSED                                  [ 50%]
grade02.py::Test::test_program_3 PASSED                                  [ 57%]
grade02.py::Test::test_program_4 PASSED                                  [ 64%]
grade02.py::Test::test_program_5 PASSED                                  [ 71%]
grade02.py::Test::test_program_6 PASSED                                  [ 78%]
grade02.py::Test::test_program_7 PASSED                                  [ 85%]
grade02.py::Test::test_program_8 PASSED                                  [ 92%]
grade02.py::Test::test_program_9 PASSED                                  [100%]

 generated json report: /home/andrea/git/Fondamenti18/fondamenti-di-programmazione/students/AngeloMonti/homework01/program02.log.json 
========================== 14 passed in 0.22 seconds ===========================
