============================= test session starts ==============================
platform linux -- Python 3.6.6, pytest-3.6.3, py-1.5.4, pluggy-0.6.0 -- /opt/anaconda3/bin/python
cachedir: .pytest_cache
rootdir: /home/andrea/git/Fondamenti18/fondamenti-di-programmazione/students/AndreaSterbini/homework01, inifile:
plugins: timeout-1.3.0, remotedata-0.3.0, openfiles-0.3.0, doctestplus-0.1.3, arraydiff-0.2, hypothesis-3.59.1
timeout: 1.0s
timeout method: signal
timeout func_only: False
collecting ... collected 7 items

grade03.py::Test::test_program01_10 PASSED                               [ 14%]
grade03.py::Test::test_program01_11 PASSED                               [ 28%]
grade03.py::Test::test_program01_3 PASSED                                [ 42%]
grade03.py::Test::test_program01_5 FAILED                                [ 57%]
grade03.py::Test::test_program01_7 PASSED                                [ 71%]
grade03.py::Test::test_program01_9 PASSED                                [ 85%]
grade03.py::Test::test_program01_9_2 PASSED                              [100%]

=================================== FAILURES ===================================
____________________________ Test.test_program01_5 _____________________________

self = <grade03.Test testMethod=test_program01_5>

    def test_program01_5(self):
        "lista di valori tutti di 5 cifre"
        lista           = [12347,12369,13125, 13127,13202,13750,13751,13838,14406,14407,14421,24010,24019,24035,26364]
        expected_lista  = [ 12369,  13202,  13838,  14421, 24035 ]
        expected_result = [ 12347,  13127,  13751 , 14407, 24019]
        num             = 14
>       return self.dotest01(lista, num, expected_lista, expected_result)

grade03.py:67: 
_ _ _ _ _ _ _ _ _ _ _ _ _ _ _ _ _ _ _ _ _ _ _ _ _ _ _ _ _ _ _ _ _ _ _ _ _ _ _ _ 
grade03.py:14: in dotest01
    ret  = program.modi(*args)
program03.py:34: in modi
    numDivisori = getNumDivisori(num)
_ _ _ _ _ _ _ _ _ _ _ _ _ _ _ _ _ _ _ _ _ _ _ _ _ _ _ _ _ _ _ _ _ _ _ _ _ _ _ _ 

num = 14421

    def getNumDivisori(num):
        numDivisori = 0
        for i in range(2, int(num ** 0.5) + 1):
            if num % i == 0:
                numDivisori += 2
>               time.sleep(0.02)
E               Failed: Timeout >1.0s

program03.py:25: Failed
====================== 1 failed, 6 passed in 4.60 seconds ======================
