============================= test session starts ==============================
platform linux -- Python 3.6.3, pytest-3.7.0, py-1.5.2, pluggy-0.7.1 -- /home/travis/virtualenv/python3.6.3/bin/python
cachedir: .pytest_cache
rootdir: /home/travis/build/Fondamenti18/fondamenti-di-programmazione/students/1798179/homework01, inifile:
plugins: timeout-1.3.1, json-0.4.0
timeout: 10.0s
timeout method: signal
timeout func_only: False
collecting ... collected 14 items

grade02.py::Test::test_program_1 PASSED                                  [  7%]
grade02.py::Test::test_program_10 FAILED                                 [ 14%]
grade02.py::Test::test_program_11 FAILED                                 [ 21%]
grade02.py::Test::test_program_12 FAILED                                 [ 28%]
grade02.py::Test::test_program_13 FAILED                                 [ 35%]
grade02.py::Test::test_program_14 FAILED                                 [ 42%]
grade02.py::Test::test_program_2 PASSED                                  [ 50%]
grade02.py::Test::test_program_3 PASSED                                  [ 57%]
grade02.py::Test::test_program_4 PASSED                                  [ 64%]
grade02.py::Test::test_program_5 FAILED                                  [ 71%]
grade02.py::Test::test_program_6 FAILED                                  [ 78%]
grade02.py::Test::test_program_7 FAILED                                  [ 85%]
grade02.py::Test::test_program_8 FAILED                                  [ 92%]
grade02.py::Test::test_program_9 FAILED                                  [100%]

=================================== FAILURES ===================================
_____________________________ Test.test_program_10 _____________________________

self = <grade02.Test testMethod=test_program_10>

    def test_program_10(self):
        'non elisioni 800-1 e elisioni 80-1'
        num      = 801081801081
        expected = 'ottocentounomiliardiottantunomilioniottocentounomilaottantuno'
>       return self.dotest02(num, expected)

grade02.py:76: 
_ _ _ _ _ _ _ _ _ _ _ _ _ _ _ _ _ _ _ _ _ _ _ _ _ _ _ _ _ _ _ _ _ _ _ _ _ _ _ _ 
grade02.py:13: in dotest02
    self.__check(ret,   expected_result, orig, 'return')
grade02.py:110: in __check
    self.assertEqual(value, expected, msg)
E   AssertionError: None != 'ottocentounomiliardiottantunomilioniottocentounomilaottantuno' : 	when input=(801081801081,) 
E   		None != 'ottocentounomiliardiottantunomilioniottocentounomilaottantuno'	<- correct return value
_____________________________ Test.test_program_11 _____________________________

self = <grade02.Test testMethod=test_program_11>

    def test_program_11(self):
        'elisioni sessanta-otto, cinquanta-otto, quaranta-otto, trenta-otto'
        num      = 68258148238
        expected = 'sessantottomiliardiduecentocinquantottomilionicentoquarantottomiladuecentotrentotto'
>       return self.dotest02(num, expected)

grade02.py:82: 
_ _ _ _ _ _ _ _ _ _ _ _ _ _ _ _ _ _ _ _ _ _ _ _ _ _ _ _ _ _ _ _ _ _ _ _ _ _ _ _ 
grade02.py:13: in dotest02
    self.__check(ret,   expected_result, orig, 'return')
grade02.py:110: in __check
    self.assertEqual(value, expected, msg)
E   AssertionError: None != 'sessantottomiliardiduecentocinquantottom[39 chars]otto' : 	when input=(68258148238,) 
E   		None != 'sessantottomiliardiduecentocinquantottomilionicentoquarantottomiladuecentotrentotto'	<- correct return value
_____________________________ Test.test_program_12 _____________________________

self = <grade02.Test testMethod=test_program_12>

    def test_program_12(self):
        'elisioni ottanta-uno,settanta-uno,novanta-uno, venti-uno'
        num      = 81071091021
        expected = 'ottantunomiliardisettantunomilioninovantunomilaventuno'
>       return self.dotest02(num, expected)

grade02.py:88: 
_ _ _ _ _ _ _ _ _ _ _ _ _ _ _ _ _ _ _ _ _ _ _ _ _ _ _ _ _ _ _ _ _ _ _ _ _ _ _ _ 
grade02.py:13: in dotest02
    self.__check(ret,   expected_result, orig, 'return')
grade02.py:110: in __check
    self.assertEqual(value, expected, msg)
E   AssertionError: None != 'ottantunomiliardisettantunomilioninovantunomilaventuno' : 	when input=(81071091021,) 
E   		None != 'ottantunomiliardisettantunomilioninovantunomilaventuno'	<- correct return value
_____________________________ Test.test_program_13 _____________________________

self = <grade02.Test testMethod=test_program_13>

    def test_program_13(self):
        'numeri speciali tra 10 e 20'
        num      = 11012013014
        expected = 'undicimiliardidodicimilionitredicimilaquattordici'
>       return self.dotest02(num, expected)

grade02.py:94: 
_ _ _ _ _ _ _ _ _ _ _ _ _ _ _ _ _ _ _ _ _ _ _ _ _ _ _ _ _ _ _ _ _ _ _ _ _ _ _ _ 
grade02.py:13: in dotest02
    self.__check(ret,   expected_result, orig, 'return')
grade02.py:110: in __check
    self.assertEqual(value, expected, msg)
E   AssertionError: None != 'undicimiliardidodicimilionitredicimilaquattordici' : 	when input=(11012013014,) 
E   		None != 'undicimiliardidodicimilionitredicimilaquattordici'	<- correct return value
_____________________________ Test.test_program_14 _____________________________

self = <grade02.Test testMethod=test_program_14>

    def test_program_14(self):
        'numero massimo da convertire'
        num      = 99999999999
        expected = 'novantanovemiliardinovecentonovantanovemilioninovecentonovantanovemilanovecentonovantanove'
>       return self.dotest02(num, expected)

grade02.py:100: 
_ _ _ _ _ _ _ _ _ _ _ _ _ _ _ _ _ _ _ _ _ _ _ _ _ _ _ _ _ _ _ _ _ _ _ _ _ _ _ _ 
grade02.py:13: in dotest02
    self.__check(ret,   expected_result, orig, 'return')
grade02.py:110: in __check
    self.assertEqual(value, expected, msg)
E   AssertionError: None != 'novantanovemiliardinovecentonovantanovem[46 chars]nove' : 	when input=(99999999999,) 
E   		None != 'novantanovemiliardinovecentonovantanovemilioninovecentonovantanovemilanovecentonovantanove'	<- correct return value
_____________________________ Test.test_program_5 ______________________________

self = <grade02.Test testMethod=test_program_5>

    def test_program_5(self):
        "non-elisione del mille e del cento"
        num      = 1501
        expected = 'millecinquecentouno'
>       return self.dotest02(num, expected)

grade02.py:46: 
_ _ _ _ _ _ _ _ _ _ _ _ _ _ _ _ _ _ _ _ _ _ _ _ _ _ _ _ _ _ _ _ _ _ _ _ _ _ _ _ 
grade02.py:13: in dotest02
    self.__check(ret,   expected_result, orig, 'return')
grade02.py:110: in __check
    self.assertEqual(value, expected, msg)
E   AssertionError: 'milleuno' != 'millecinquecentouno'
E   - milleuno
E   + millecinquecentouno
E    : 	when input=(1501,) 
E   		'milleuno' != 'millecinquecentouno'	<- correct return value
_____________________________ Test.test_program_6 ______________________________

self = <grade02.Test testMethod=test_program_6>

    def test_program_6(self):
        "non-elisione del mille e elisione di 80"
        num      = 17081
        expected = 'diciassettemilaottantuno'
>       return self.dotest02(num, expected)

grade02.py:52: 
_ _ _ _ _ _ _ _ _ _ _ _ _ _ _ _ _ _ _ _ _ _ _ _ _ _ _ _ _ _ _ _ _ _ _ _ _ _ _ _ 
grade02.py:12: in dotest02
    ret  = program.conv(*args)
program02.py:43: in conv
    x+=conv(int(n/100))+"mila"+conv(n%1000)
program02.py:30: in conv
    x+="cento"+conv(n%100)
_ _ _ _ _ _ _ _ _ _ _ _ _ _ _ _ _ _ _ _ _ _ _ _ _ _ _ _ _ _ _ _ _ _ _ _ _ _ _ _ 

n = 70

    def conv(n):
        x=""
        y=str(n)
        u=["", "uno", "due", "tre", "quattro", "cinque", "sei", "sette", "otto", "nove", "dieci", "undici", "dodici", "tredici", "quattordici", "quindici", "sedici", "diciassette", "diciotto", "diciannove"]
        d=["", "venti", "trenta", "quaranta", "cinquanta", "sessanta", "settanta", "ottanta", "novanta"]
    
        if n>0 and n<=19:
            x+=u[n]
            return x
    
        elif n>=20 and n<=99:
            eccn=n%10
            if eccn==1 or eccn==8:
                x+=d[int(y[0])-1][:-1]+conv(n%10)
            else:
>               x+=d[int(y[0])-1]+conv(n%10)
E               TypeError: must be str, not NoneType

program02.py:23: TypeError
_____________________________ Test.test_program_7 ______________________________

self = <grade02.Test testMethod=test_program_7>

    def test_program_7(self):
        "numero grande con molte elisioni e non-elisioni"
        num      = 981008818
        expected = 'novecentottantunomilioniottomilaottocentodiciotto'
>       return self.dotest02(num, expected)

grade02.py:58: 
_ _ _ _ _ _ _ _ _ _ _ _ _ _ _ _ _ _ _ _ _ _ _ _ _ _ _ _ _ _ _ _ _ _ _ _ _ _ _ _ 
grade02.py:13: in dotest02
    self.__check(ret,   expected_result, orig, 'return')
grade02.py:110: in __check
    self.assertEqual(value, expected, msg)
E   AssertionError: 'novecentottantunomilioniottantottomilaottocentodiciotto' != 'novecentottantunomilioniottomilaottocentodiciotto'
E   - novecentottantunomilioniottantottomilaottocentodiciotto
E   ?                            ------
E   + novecentottantunomilioniottomilaottocentodiciotto
E    : 	when input=(981008818,) 
E   		'novecentottantunomilioniottantottomilaottocentodiciotto' != 'novecentottantunomilioniottomilaottocentodiciotto'	<- correct return value
_____________________________ Test.test_program_8 ______________________________

self = <grade02.Test testMethod=test_program_8>

    def test_program_8(self):
        "elisioni 800-80 e 80-8"
        num      = 888888888
        expected = 'ottocentottantottomilioniottocentottantottomilaottocentottantotto'
>       return self.dotest02(num, expected)

grade02.py:64: 
_ _ _ _ _ _ _ _ _ _ _ _ _ _ _ _ _ _ _ _ _ _ _ _ _ _ _ _ _ _ _ _ _ _ _ _ _ _ _ _ 
grade02.py:13: in dotest02
    self.__check(ret,   expected_result, orig, 'return')
grade02.py:110: in __check
    self.assertEqual(value, expected, msg)
E   AssertionError: 'otto[13 chars]omilioniottantottomilaottocentottantottomilaottocentottantotto' != 'otto[13 chars]omilioniottocentottantottomilaottocentottantotto'
E   - ottocentottantottomilioniottantottomilaottocentottantottomilaottocentottantotto
E   ?                          --------------
E   + ottocentottantottomilioniottocentottantottomilaottocentottantotto
E    : 	when input=(888888888,) 
E   		'ottocentottantottomilioniottantottomilaottocentottantottomilaottocentottantotto' != 'ottocentottantottomilioniottocentottantottomilaottocentottantotto'	<- correct return value
_____________________________ Test.test_program_9 ______________________________

self = <grade02.Test testMethod=test_program_9>

    def test_program_9(self):
        'non elisioni 800-8 e elisioni 800-80'
        num      = 808080808080
        expected = 'ottocentoottomiliardiottantamilioniottocentoottomilaottanta'
>       return self.dotest02(num, expected)

grade02.py:70: 
_ _ _ _ _ _ _ _ _ _ _ _ _ _ _ _ _ _ _ _ _ _ _ _ _ _ _ _ _ _ _ _ _ _ _ _ _ _ _ _ 
grade02.py:13: in dotest02
    self.__check(ret,   expected_result, orig, 'return')
grade02.py:110: in __check
    self.assertEqual(value, expected, msg)
E   AssertionError: None != 'ottocentoottomiliardiottantamilioniottocentoottomilaottanta' : 	when input=(808080808080,) 
E   		None != 'ottocentoottomiliardiottantamilioniottocentoottomilaottanta'	<- correct return value
 generated json report: /home/travis/build/Fondamenti18/fondamenti-di-programmazione/students/1798179/homework01/program02.log.json 
===================== 10 failed, 4 passed in 0.19 seconds ======================
