============================= test session starts ==============================
platform linux -- Python 3.6.3, pytest-3.7.0, py-1.5.2, pluggy-0.7.1 -- /home/travis/virtualenv/python3.6.3/bin/python
cachedir: .pytest_cache
rootdir: /home/travis/build/Fondamenti18/fondamenti-di-programmazione/students/1808114/homework01, inifile:
plugins: timeout-1.3.1, json-0.4.0
timeout: 10.0s
timeout method: signal
timeout func_only: False
collecting ... collected 14 items

grade02.py::Test::test_program_1 PASSED                                  [  7%]
grade02.py::Test::test_program_10 PASSED                                 [ 14%]
grade02.py::Test::test_program_11 PASSED                                 [ 21%]
grade02.py::Test::test_program_12 PASSED                                 [ 28%]
grade02.py::Test::test_program_13 PASSED                                 [ 35%]
grade02.py::Test::test_program_14 PASSED                                 [ 42%]
grade02.py::Test::test_program_2 PASSED                                  [ 50%]
grade02.py::Test::test_program_3 PASSED                                  [ 57%]
grade02.py::Test::test_program_4 PASSED                                  [ 64%]
grade02.py::Test::test_program_5 PASSED                                  [ 71%]
grade02.py::Test::test_program_6 PASSED                                  [ 78%]
grade02.py::Test::test_program_7 PASSED                                  [ 85%]
grade02.py::Test::test_program_8 PASSED                                  [ 92%]
grade02.py::Test::test_program_9 PASSED                                  [100%]

 generated json report: /home/travis/build/Fondamenti18/fondamenti-di-programmazione/students/1808114/homework01/program02.log.json 
========================== 14 passed in 0.04 seconds ===========================
